Determining if the pthread_create exist failed with the following output:
Change Dir: /mnt/c/AkshayDocs_11_29_2017/AkshayDocs/akshay_grad/SPRING2018/ECE6122/P3/glfw-3.2.1/CMakeFiles/CMakeTmp

Run Build Command:"/usr/bin/make" "cmTC_4b817/fast"
/usr/bin/make -f CMakeFiles/cmTC_4b817.dir/build.make CMakeFiles/cmTC_4b817.dir/build
make[1]: Entering directory '/mnt/c/AkshayDocs_11_29_2017/AkshayDocs/akshay_grad/SPRING2018/ECE6122/P3/glfw-3.2.1/CMakeFiles/CMakeTmp'
Building C object CMakeFiles/cmTC_4b817.dir/CheckSymbolExists.c.o
/usr/bin/cc     -o CMakeFiles/cmTC_4b817.dir/CheckSymbolExists.c.o   -c /mnt/c/AkshayDocs_11_29_2017/AkshayDocs/akshay_grad/SPRING2018/ECE6122/P3/glfw-3.2.1/CMakeFiles/CMakeTmp/CheckSymbolExists.c
Linking C executable cmTC_4b817
/usr/bin/cmake -E cmake_link_script CMakeFiles/cmTC_4b817.dir/link.txt --verbose=1
/usr/bin/cc       CMakeFiles/cmTC_4b817.dir/CheckSymbolExists.c.o  -o cmTC_4b817 -rdynamic 
CMakeFiles/cmTC_4b817.dir/CheckSymbolExists.c.o: In function `main':
CheckSymbolExists.c:(.text+0x16): undefined reference to `pthread_create'
collect2: error: ld returned 1 exit status
CMakeFiles/cmTC_4b817.dir/build.make:97: recipe for target 'cmTC_4b817' failed
make[1]: *** [cmTC_4b817] Error 1
make[1]: Leaving directory '/mnt/c/AkshayDocs_11_29_2017/AkshayDocs/akshay_grad/SPRING2018/ECE6122/P3/glfw-3.2.1/CMakeFiles/CMakeTmp'
Makefile:126: recipe for target 'cmTC_4b817/fast' failed
make: *** [cmTC_4b817/fast] Error 2

File /mnt/c/AkshayDocs_11_29_2017/AkshayDocs/akshay_grad/SPRING2018/ECE6122/P3/glfw-3.2.1/CMakeFiles/CMakeTmp/CheckSymbolExists.c:
/* */
#include <pthread.h>

int main(int argc, char** argv)
{
  (void)argv;
#ifndef pthread_create
  return ((int*)(&pthread_create))[argc];
#else
  (void)argc;
  return 0;
#endif
}

Determining if the function pthread_create exists in the pthreads failed with the following output:
Change Dir: /mnt/c/AkshayDocs_11_29_2017/AkshayDocs/akshay_grad/SPRING2018/ECE6122/P3/glfw-3.2.1/CMakeFiles/CMakeTmp

Run Build Command:"/usr/bin/make" "cmTC_a2dec/fast"
/usr/bin/make -f CMakeFiles/cmTC_a2dec.dir/build.make CMakeFiles/cmTC_a2dec.dir/build
make[1]: Entering directory '/mnt/c/AkshayDocs_11_29_2017/AkshayDocs/akshay_grad/SPRING2018/ECE6122/P3/glfw-3.2.1/CMakeFiles/CMakeTmp'
Building C object CMakeFiles/cmTC_a2dec.dir/CheckFunctionExists.c.o
/usr/bin/cc    -DCHECK_FUNCTION_EXISTS=pthread_create   -o CMakeFiles/cmTC_a2dec.dir/CheckFunctionExists.c.o   -c /usr/share/cmake-3.5/Modules/CheckFunctionExists.c
Linking C executable cmTC_a2dec
/usr/bin/cmake -E cmake_link_script CMakeFiles/cmTC_a2dec.dir/link.txt --verbose=1
/usr/bin/cc   -DCHECK_FUNCTION_EXISTS=pthread_create    CMakeFiles/cmTC_a2dec.dir/CheckFunctionExists.c.o  -o cmTC_a2dec -rdynamic -lpthreads 
/usr/bin/ld: cannot find -lpthreads
collect2: error: ld returned 1 exit status
CMakeFiles/cmTC_a2dec.dir/build.make:97: recipe for target 'cmTC_a2dec' failed
make[1]: *** [cmTC_a2dec] Error 1
make[1]: Leaving directory '/mnt/c/AkshayDocs_11_29_2017/AkshayDocs/akshay_grad/SPRING2018/ECE6122/P3/glfw-3.2.1/CMakeFiles/CMakeTmp'
Makefile:126: recipe for target 'cmTC_a2dec/fast' failed
make: *** [cmTC_a2dec/fast] Error 2


